 
****************************************
Report : area
Design : LASER
Version: U-2022.12
Date   : Mon Sep 30 09:46:46 2024
****************************************

Library(s) Used:

    slow (File: /home/raid7_2/course/cvsd/CBDK_IC_Contest/CIC/SynopsysDC/db/slow.db)

Number of ports:                           27
Number of nets:                          3822
Number of cells:                         3775
Number of combinational cells:           3270
Number of sequential cells:               505
Number of macros/black boxes:               0
Number of buf/inv:                        704
Number of references:                      76

Combinational area:              23524.266761
Buf/Inv area:                     3072.293969
Noncombinational area:           12874.779224
Macro/Black Box area:                0.000000
Net Interconnect area:          458222.322052

Total cell area:                 36399.045986
Total area:                     494621.368038
1
